C51 COMPILER V9.54   TANKGAME                                                              07/04/2020 00:38:25 PAGE 1   


C51 COMPILER V9.54, COMPILATION OF MODULE TANKGAME
OBJECT MODULE PLACED IN .\OutPut\tankGame.obj
COMPILER INVOKED BY: C:\Keil_v5\C51\BIN\C51.EXE Source\tankGame.c LARGE OPTIMIZE(8,SIZE) BROWSE DEBUG OBJECTEXTEND PRINT
                    -(.\OutPut\tankGame.lst) TABS(2) OBJECT(.\OutPut\tankGame.obj)

line level    source

   1          /*
   2          坦克大战
   3          小组成员: xxx xxx xxx
   4          
   5          */
   6          #include "includes.h"
   7          sbit key_Up=P4^0;
   8          sbit key_Down=P3^4;
   9          sbit key_Left=P4^3;
  10          sbit key_Right=P3^3;//跟自带按键一样
  11          sbit key_Attack=P2^6;
  12          sbit key_Enter=P3^2;
  13          sbit key_Back=P2^4;
  14          sbit KEY = P3^3;//自带按键
  15          
  16          uchar code authorBox[]={
  17            0xFF,0xFF,0xFF,0xFF,0xFF,0xFF,0xFF,0xFF,0xFF,0xFF,0xFF,0xFF,0xFF,0xFF,0xFF,0xFF,
  18            0xFF,0xFF,0xFF,0xFF,0xFF,0xFF,0xFF,0xFF,0xFF,0xFF,0xFF,0xFF,0xFF,0xFF,0xFF,0xFF,
  19            0xFF,0xFF,0xFF,0xFF,0xFF,0xFF,0xFF,0xFF,0xFF,0xFF,0xFF,0xFF,0xFF,0xFF,0xFF,0xFF,
  20            0xE0,0x00,0x00,0x00,0x00,0x00,0x00,0x00,0x00,0x00,0x00,0x00,0x00,0x00,0x00,0x07,
  21            0xE0,0x00,0x00,0x00,0x00,0x00,0x00,0x00,0x00,0x00,0x00,0x00,0x00,0x00,0x00,0x07,
  22            0xE0,0x00,0x00,0x00,0x00,0x00,0x00,0x00,0x00,0x00,0x00,0x00,0x00,0x00,0x00,0x07,
  23            0xE0,0x00,0x00,0x00,0x03,0x00,0x01,0x80,0x0C,0x03,0x1E,0x00,0x00,0x00,0x00,0x07,
  24            0xE0,0x00,0x00,0x00,0x03,0x7F,0x01,0x80,0x0C,0x03,0x1B,0x00,0x00,0x00,0x00,0x07,
  25            0xE0,0x00,0x00,0x00,0x03,0x63,0x3F,0xFC,0x0C,0x03,0xD8,0x00,0x00,0x00,0x00,0x07,
  26            0xE0,0x00,0x00,0x00,0x03,0x63,0x01,0x80,0x0C,0x03,0x1F,0x00,0x00,0x00,0x00,0x07,
  27            0xE0,0x00,0x00,0x00,0x07,0xFF,0x1F,0xF9,0xFF,0xE3,0x78,0x00,0x00,0x00,0x00,0x07,
  28            0xE0,0x00,0x00,0x00,0x03,0x63,0x18,0x18,0x0C,0x0F,0xDE,0x00,0x00,0x00,0x00,0x07,
  29            0xE0,0x00,0x00,0x00,0x03,0x63,0x18,0x18,0x1E,0x0C,0xDE,0x00,0x00,0x00,0x00,0x07,
  30            0xE0,0x00,0x00,0x00,0x03,0x63,0x1F,0xF8,0x1E,0x0C,0xDE,0x00,0x00,0x00,0x00,0x07,
  31            0xE0,0x00,0x00,0x00,0x03,0x7F,0x06,0x60,0x33,0x0C,0xCC,0x00,0x00,0x00,0x00,0x07,
  32            0xE0,0x00,0x00,0x00,0x03,0x80,0x06,0x60,0x33,0x0F,0xDF,0x00,0x00,0x00,0x00,0x07,
  33            0xE0,0x00,0x00,0x00,0x07,0x00,0x0C,0x6C,0x61,0x8C,0x37,0x00,0x00,0x00,0x00,0x07,
  34            0xE0,0x00,0x00,0x00,0x00,0xFF,0xB8,0x3D,0xC0,0xE0,0x63,0x00,0x00,0x00,0x00,0x07,
  35            0xE0,0x00,0x00,0x00,0x00,0x00,0x00,0x00,0x00,0x00,0x00,0x00,0x00,0x00,0x00,0x07,
  36            0xE0,0x00,0x00,0x00,0x00,0x00,0x00,0x00,0x00,0x00,0x00,0x00,0x00,0x00,0x00,0x07,
  37            0xE0,0x00,0x00,0x00,0x00,0x00,0x00,0x00,0x00,0x00,0x00,0x00,0x00,0x00,0x00,0x07,
  38            0xE0,0x00,0x00,0x00,0x00,0x00,0x00,0x00,0x00,0x00,0x00,0x00,0x00,0x00,0x00,0x07,
  39            0xE0,0x00,0x00,0x00,0x00,0x00,0x00,0x00,0x00,0x00,0x00,0x00,0x00,0x00,0x00,0x07,
  40            0xE0,0x00,0x00,0x00,0x00,0x00,0x00,0x00,0x00,0x00,0x00,0x00,0x00,0x00,0x00,0x07,
  41            0xE0,0x20,0x89,0x40,0x00,0x00,0x00,0x00,0x00,0x00,0x00,0x00,0x00,0x00,0x00,0x07,
  42            0xEE,0x20,0x49,0x40,0x00,0x00,0x00,0x00,0x00,0x00,0x00,0x00,0x00,0x00,0x00,0x07,
  43            0xEA,0xFE,0x09,0x40,0x00,0x01,0xC2,0x1E,0x71,0xCF,0x9C,0x73,0xE2,0x0C,0x70,0x87,
  44            0xEA,0x40,0x3E,0x20,0x00,0x02,0x26,0x02,0x8A,0x28,0x22,0x8A,0x06,0x12,0x89,0x87,
  45            0xEC,0x50,0x8A,0x20,0x00,0x00,0x22,0x04,0x8A,0x28,0x22,0x8A,0x02,0x20,0x88,0x87,
  46            0xEC,0x90,0x4C,0x80,0x00,0x00,0xC2,0x04,0x12,0x2F,0x04,0x8B,0xC2,0x2C,0x88,0x87,
  47            0xEA,0xFE,0x1A,0x80,0x00,0x00,0x22,0x08,0x22,0x28,0x88,0x8A,0x22,0x32,0x88,0x87,
  48            0xEA,0x10,0x29,0x00,0x00,0x00,0x22,0x08,0x42,0x20,0x90,0x88,0x22,0x22,0x88,0x87,
  49            0xEA,0x94,0x09,0x40,0x00,0x02,0x22,0x08,0x82,0x28,0xA0,0x8A,0x22,0x22,0x88,0x87,
  50            0xEC,0x92,0x4A,0x20,0x00,0x01,0xC7,0x08,0xF9,0xC7,0x3E,0x71,0xC7,0x1C,0x71,0xC7,
  51            0xE9,0x12,0x8B,0xE0,0x00,0x00,0x00,0x00,0x00,0x00,0x00,0x00,0x00,0x00,0x00,0x07,
  52            0xE8,0x30,0x08,0x20,0x00,0x00,0x00,0x00,0x00,0x00,0x00,0x00,0x00,0x00,0x00,0x07,
  53            0xE0,0x00,0x00,0x00,0x00,0x00,0x00,0x00,0x00,0x00,0x00,0x00,0x00,0x00,0x00,0x07,
  54            0xE0,0x00,0x00,0x00,0x00,0x00,0x00,0x00,0x00,0x00,0x00,0x00,0x00,0x00,0x00,0x07,
C51 COMPILER V9.54   TANKGAME                                                              07/04/2020 00:38:25 PAGE 2   

  55            0xE0,0x00,0x00,0x00,0x00,0x00,0x00,0x00,0x00,0x00,0x00,0x00,0x00,0x00,0x00,0x07,
  56            0xE0,0x00,0x00,0x00,0x00,0x00,0x00,0x00,0x00,0x00,0x00,0x00,0x00,0x00,0x00,0x07,
  57            0xE0,0x20,0x00,0x00,0x90,0x00,0x00,0x00,0x00,0x00,0x00,0x00,0x00,0x00,0x00,0x07,
  58            0xEE,0x20,0xFB,0xE8,0x88,0x00,0x00,0x00,0x00,0x00,0x00,0x00,0x00,0x00,0x00,0x07,
  59            0xEA,0xFE,0x0A,0x28,0x80,0x01,0xC2,0x1E,0x71,0xCF,0x9C,0x73,0xE2,0x0C,0x71,0xC7,
  60            0xEA,0x40,0x0A,0x2F,0xFE,0x02,0x26,0x02,0x8A,0x28,0x22,0x8A,0x06,0x12,0x8A,0x27,
  61            0xEC,0x50,0x8A,0x21,0x00,0x00,0x22,0x04,0x8A,0x28,0x22,0x8A,0x02,0x20,0x0A,0x27,
  62            0xEC,0x90,0x51,0x41,0x00,0x00,0xC2,0x04,0x12,0x2F,0x04,0x8B,0xC2,0x2C,0x32,0x67,
  63            0xEA,0xFE,0x51,0x41,0xF8,0x00,0x22,0x08,0x22,0x28,0x88,0x8A,0x22,0x32,0x09,0xA7,
  64            0xEA,0x10,0x20,0x82,0x88,0x00,0x22,0x08,0x42,0x20,0x90,0x88,0x22,0x22,0x08,0x27,
  65            0xEA,0x94,0x20,0x82,0x50,0x02,0x22,0x08,0x82,0x28,0xA0,0x8A,0x22,0x22,0x8A,0x47,
  66            0xEC,0x92,0x51,0x44,0x20,0x01,0xC7,0x08,0xF9,0xC7,0x3E,0x71,0xC7,0x1C,0x71,0x87,
  67            0xE9,0x12,0x52,0x48,0xD8,0x00,0x00,0x00,0x00,0x00,0x00,0x00,0x00,0x00,0x00,0x07,
  68            0xE8,0x30,0x84,0x23,0x06,0x00,0x00,0x00,0x00,0x00,0x00,0x00,0x00,0x00,0x00,0x07,
  69            0xE0,0x00,0x00,0x00,0x00,0x00,0x00,0x00,0x00,0x00,0x00,0x00,0x00,0x00,0x00,0x07,
  70            0xE0,0x00,0x00,0x00,0x00,0x00,0x00,0x00,0x00,0x00,0x00,0x00,0x00,0x00,0x00,0x07,
  71            0xE0,0x00,0x00,0x00,0x00,0x00,0x00,0x00,0x00,0x00,0x00,0x00,0x00,0x00,0x00,0x07,
  72            0xE0,0x00,0x00,0x00,0x00,0x00,0x00,0x00,0x00,0x00,0x00,0x00,0x00,0x00,0x00,0x07,
  73            0xE0,0x00,0x00,0x00,0x00,0x00,0x00,0x00,0x00,0x00,0x00,0x00,0x00,0x00,0x00,0x07,
  74            0xE0,0x00,0x00,0x00,0x00,0x00,0x00,0x00,0x00,0x00,0x00,0x00,0x00,0x00,0x00,0x07,
  75            0xE0,0x00,0x00,0x00,0x00,0x00,0x00,0x00,0x00,0x00,0x00,0x00,0x00,0x00,0x00,0x07,
  76            0xE0,0x00,0x00,0x00,0x00,0x00,0x00,0x00,0x00,0x00,0x00,0x00,0x00,0x00,0x00,0x07,
  77            0xE0,0x00,0x00,0x00,0x00,0x00,0x00,0x00,0x00,0x00,0x00,0x00,0x00,0x00,0x00,0x07,
  78            0xFF,0xFF,0xFF,0xFF,0xFF,0xFF,0xFF,0xFF,0xFF,0xFF,0xFF,0xFF,0xFF,0xFF,0xFF,0xFF,
  79            0xFF,0xFF,0xFF,0xFF,0xFF,0xFF,0xFF,0xFF,0xFF,0xFF,0xFF,0xFF,0xFF,0xFF,0xFF,0xFF,
  80            0xFF,0xFF,0xFF,0xFF,0xFF,0xFF,0xFF,0xFF,0xFF,0xFF,0xFF,0xFF,0xFF,0xFF,0xFF,0xFF
  81          };
  82          uchar code infBox[]={
  83            0xFF,0xFF,0xFF,0xFF,0xFF,0xFF,0xFF,0xFF,0xFF,0xFF,0xFF,0xFF,0xFF,0xFF,0xFF,0xFF,
  84            0xFF,0xFF,0xFF,0xFF,0xFF,0xFF,0xFF,0xFF,0xFF,0xFF,0xFF,0xFF,0xFF,0xFF,0xFF,0xFF,
  85            0xFF,0xFF,0xFF,0xFF,0xFF,0xFF,0xFF,0xFF,0xFF,0xFF,0xFF,0xFF,0xFF,0xFF,0xFF,0xFF,
  86            0xE0,0x00,0x00,0x00,0x00,0x00,0x00,0x00,0x00,0x00,0x00,0x00,0x00,0x00,0x00,0x07,
  87            0xE0,0x00,0x00,0x00,0x00,0x00,0x00,0x00,0x00,0x00,0x00,0x00,0x00,0x00,0x00,0x07,
  88            0xE0,0x00,0x00,0x00,0x00,0x00,0x00,0x00,0x00,0x00,0x00,0x00,0x00,0x00,0x00,0x07,
  89            0xE0,0x00,0x00,0x00,0x03,0x00,0x01,0x80,0x0C,0x03,0x1E,0x00,0x00,0x00,0x00,0x07,
  90            0xE0,0x00,0x00,0x00,0x03,0x7F,0x01,0x80,0x0C,0x03,0x1B,0x00,0x00,0x00,0x00,0x07,
  91            0xE0,0x00,0x00,0x00,0x03,0x63,0x3F,0xFC,0x0C,0x03,0xD8,0x00,0x00,0x00,0x00,0x07,
  92            0xE0,0x00,0x00,0x00,0x03,0x63,0x01,0x80,0x0C,0x03,0x1F,0x00,0x00,0x00,0x00,0x07,
  93            0xE0,0x00,0x00,0x00,0x07,0xFF,0x1F,0xF9,0xFF,0xE3,0x78,0x00,0x00,0x00,0x00,0x07,
  94            0xE0,0x00,0x00,0x00,0x03,0x63,0x18,0x18,0x0C,0x0F,0xDE,0x00,0x00,0x00,0x00,0x07,
  95            0xE0,0x00,0x00,0x00,0x03,0x63,0x18,0x18,0x1E,0x0C,0xDE,0x00,0x00,0x00,0x00,0x07,
  96            0xE0,0x00,0x00,0x00,0x03,0x63,0x1F,0xF8,0x1E,0x0C,0xDE,0x00,0x00,0x00,0x00,0x07,
  97            0xE0,0x00,0x00,0x00,0x03,0x7F,0x06,0x60,0x33,0x0C,0xCC,0x00,0x00,0x00,0x00,0x07,
  98            0xE0,0x00,0x00,0x00,0x03,0x80,0x06,0x60,0x33,0x0F,0xDF,0x00,0x00,0x00,0x00,0x07,
  99            0xE0,0x00,0x00,0x00,0x07,0x00,0x0C,0x6C,0x61,0x8C,0x37,0x00,0x00,0x00,0x00,0x07,
 100            0xE0,0x00,0x00,0x00,0x00,0xFF,0xB8,0x3D,0xC0,0xE0,0x63,0x00,0x00,0x00,0x00,0x07,
 101            0xE0,0x00,0x00,0x00,0x00,0x00,0x00,0x00,0x00,0x00,0x00,0x00,0x00,0x00,0x00,0x07,
 102            0xE0,0x00,0x00,0x00,0x00,0x00,0x00,0x00,0x00,0x00,0x00,0x00,0x00,0x00,0x00,0x07,
 103            0xE0,0x00,0x01,0x00,0x00,0x00,0x00,0x00,0x00,0x00,0x00,0x00,0x00,0x00,0x00,0x07,
 104            0xE0,0x00,0x01,0x00,0x00,0x00,0x00,0x00,0x00,0x00,0x00,0x00,0x00,0x00,0x00,0x07,
 105            0xE0,0x00,0x03,0x80,0x00,0x00,0x00,0x00,0x00,0x00,0x00,0x00,0x00,0x00,0x00,0x07,
 106            0xE0,0x00,0x03,0x80,0x00,0x00,0x00,0x00,0x00,0x00,0x00,0x00,0x00,0x00,0x00,0x07,
 107            0xE0,0x00,0x05,0x40,0x00,0x00,0x00,0x00,0x00,0x00,0x00,0x00,0x00,0x00,0x00,0x07,
 108            0xE0,0x00,0x01,0x00,0x00,0x00,0x00,0x00,0x00,0x00,0x00,0x00,0x00,0x00,0x00,0x07,
 109            0xE0,0x00,0x01,0x00,0x00,0x00,0x00,0x00,0x00,0x00,0x00,0x00,0x00,0x00,0x00,0x07,
 110            0xE0,0x00,0x01,0x00,0x00,0x00,0x00,0x00,0x00,0x00,0x00,0x00,0x00,0x00,0x00,0x07,
 111            0xE0,0x00,0x01,0x00,0x00,0x00,0x00,0x00,0x00,0x00,0x00,0x00,0x00,0x00,0x00,0x07,
 112            0xE0,0x00,0x01,0x00,0x00,0x00,0x00,0x00,0x00,0x00,0x00,0x00,0x00,0x00,0x00,0x07,
 113            0xE0,0x00,0x01,0x00,0x00,0x00,0x00,0x00,0x00,0x00,0x00,0x00,0x00,0x00,0x00,0x07,
 114            0xE0,0x00,0x00,0x00,0x00,0x00,0x00,0x00,0x00,0x00,0x00,0x00,0x08,0x00,0x00,0x07,
 115            0xE0,0x04,0x00,0x00,0x40,0x00,0x00,0x00,0x00,0x00,0x01,0x0F,0x88,0x00,0x00,0x07,
 116            0xE0,0x18,0x00,0x00,0x30,0x00,0x00,0x00,0x00,0x00,0x7D,0x84,0x80,0x00,0x00,0x07,
C51 COMPILER V9.54   TANKGAME                                                              07/04/2020 00:38:25 PAGE 3   

 117            0xE0,0x7F,0xF0,0x1F,0xFC,0x00,0x00,0x00,0x00,0x00,0x7D,0xC5,0x00,0x00,0x00,0x07,
 118            0xE0,0x18,0x00,0x00,0x30,0x00,0x00,0x00,0x00,0x00,0x3F,0xE7,0x18,0xD8,0xC0,0x07,
 119            0xE0,0x04,0x00,0x00,0x40,0x00,0x00,0x00,0x00,0x00,0x3E,0xE5,0x08,0x61,0x20,0x07,
 120            0xE0,0x00,0x00,0x00,0x00,0x00,0x00,0x00,0x00,0x00,0x7D,0xC4,0x08,0x41,0xE0,0x07,
 121            0xE0,0x00,0x00,0x00,0x00,0x00,0x00,0x00,0x00,0x00,0x7D,0x84,0x08,0x41,0x00,0x07,
 122            0xE0,0x00,0x01,0x00,0x00,0x00,0x00,0x00,0x00,0x00,0x00,0x0E,0x1C,0xE0,0xE0,0x07,
 123            0xE0,0x00,0x01,0x00,0x00,0x00,0x00,0x00,0x00,0x00,0x00,0x00,0x00,0x00,0x00,0x07,
 124            0xE0,0x00,0x01,0x00,0x00,0x00,0x00,0x00,0x00,0x00,0x00,0x00,0x00,0x00,0x00,0x07,
 125            0xE0,0x00,0x01,0x00,0x00,0x00,0x00,0x00,0x00,0x00,0x00,0x00,0x00,0x00,0x00,0x07,
 126            0xE0,0x00,0x01,0x00,0x00,0x00,0x00,0x00,0x00,0x00,0x00,0x00,0x00,0x00,0x00,0x07,
 127            0xE0,0x00,0x01,0x00,0x00,0x00,0x00,0x00,0x00,0x00,0x00,0x00,0x00,0x00,0x00,0x07,
 128            0xE0,0x00,0x05,0x40,0x00,0x00,0x00,0x00,0x00,0x00,0x00,0x00,0x00,0x00,0x00,0x07,
 129            0xE0,0x00,0x03,0x80,0x00,0x00,0x00,0x00,0x00,0x00,0x00,0x00,0x00,0x00,0x00,0x07,
 130            0xE0,0x00,0x03,0x80,0x00,0x00,0x00,0x00,0x00,0x00,0x00,0x00,0x00,0x00,0x00,0x07,
 131            0xE0,0x00,0x01,0x00,0x00,0x00,0x00,0x00,0x00,0x00,0x00,0x10,0x00,0x00,0x00,0x07,
 132            0xE0,0x00,0x01,0x00,0x01,0xCE,0xC0,0x00,0x00,0x00,0x00,0x18,0x00,0x00,0x00,0x07,
 133            0xE0,0x00,0x00,0x00,0x02,0x24,0x80,0x00,0x00,0x00,0x00,0x0C,0x00,0x00,0x00,0x07,
 134            0xE0,0x00,0x00,0x00,0x02,0x25,0x00,0x00,0x00,0x00,0x03,0x04,0x00,0x00,0x00,0x07,
 135            0xE0,0x00,0x00,0x00,0x02,0x26,0x00,0x00,0x00,0x00,0x06,0x0C,0x00,0x00,0x00,0x07,
 136            0xE0,0x00,0x00,0x00,0x02,0x25,0x00,0x00,0x00,0x00,0x0C,0x18,0x00,0x00,0x00,0x07,
 137            0xE0,0x00,0x00,0x00,0x02,0x24,0x80,0x00,0x00,0x00,0x0F,0xF0,0x00,0x00,0x00,0x07,
 138            0xE0,0x00,0x00,0x00,0x02,0x24,0x80,0x00,0x00,0x00,0x04,0x00,0x00,0x00,0x00,0x07,
 139            0xE0,0x00,0x00,0x00,0x01,0xCE,0xC0,0x00,0x00,0x00,0x02,0x00,0x00,0x00,0x00,0x07,
 140            0xE0,0x00,0x00,0x00,0x00,0x00,0x00,0x00,0x00,0x00,0x00,0x00,0x00,0x00,0x00,0x07,
 141            0xE0,0x00,0x00,0x00,0x00,0x00,0x00,0x00,0x00,0x00,0x00,0x00,0x00,0x00,0x00,0x07,
 142            0xE0,0x00,0x00,0x00,0x00,0x00,0x00,0x00,0x00,0x00,0x00,0x00,0x00,0x00,0x00,0x07,
 143            0xE0,0x00,0x00,0x00,0x00,0x00,0x00,0x00,0x00,0x00,0x00,0x00,0x00,0x00,0x00,0x07,
 144            0xFF,0xFF,0xFF,0xFF,0xFF,0xFF,0xFF,0xFF,0xFF,0xFF,0xFF,0xFF,0xFF,0xFF,0xFF,0xFF,
 145            0xFF,0xFF,0xFF,0xFF,0xFF,0xFF,0xFF,0xFF,0xFF,0xFF,0xFF,0xFF,0xFF,0xFF,0xFF,0xFF,
 146            0xFF,0xFF,0xFF,0xFF,0xFF,0xFF,0xFF,0xFF,0xFF,0xFF,0xFF,0xFF,0xFF,0xFF,0xFF,0xFF
 147          };
 148          uchar code level1[]={//第一关的地图
 149            0xFF,0xFF,0xFF,0xFF,0xFF,0xFF,0xFF,0xFF,0xFF,0xFF,0xFF,0xFF,0xFF,0xFF,0xFF,0xFF,
 150            0xFF,0xFF,0xFF,0xFF,0xFF,0xFF,0xFF,0xFF,0xFF,0xFF,0xFF,0xFF,0xFF,0xFF,0xFF,0xFF,
 151            0xFF,0xFF,0xFF,0xFF,0xFF,0xFF,0xFF,0xFF,0xFF,0xFF,0xFF,0xFF,0xFF,0xFF,0xFF,0xFF,
 152            0xE0,0x00,0x00,0x00,0x00,0x00,0x00,0x00,0x00,0x00,0x00,0x03,0x00,0x00,0x00,0x07,
 153            0xE0,0x00,0x00,0x00,0x00,0x00,0x00,0x00,0x00,0x00,0x00,0x03,0x7D,0xE3,0xC0,0x07,
 154            0xE0,0x00,0x00,0x00,0x00,0x00,0x00,0x00,0x00,0x00,0x00,0x03,0x24,0x94,0x40,0x07,
 155            0xE0,0x00,0x00,0x00,0x00,0x00,0x00,0x00,0x00,0x00,0x00,0x03,0x28,0x94,0x00,0x07,
 156            0xE0,0x00,0x00,0x00,0x00,0x00,0x00,0x00,0x00,0x00,0x00,0x03,0x38,0xE3,0x00,0x07,
 157            0xE0,0x00,0x00,0x00,0x00,0x00,0x00,0x00,0x00,0x00,0x00,0x03,0x28,0x80,0x80,0x07,
 158            0xE0,0x00,0x00,0x00,0x00,0x00,0x00,0x00,0x00,0x00,0x00,0x03,0x20,0x80,0x40,0x07,
 159            0xE0,0x00,0x00,0x00,0x00,0x00,0x00,0x00,0x00,0x00,0x00,0x03,0x20,0x84,0x40,0x07,
 160            0xE0,0x1F,0xFF,0xC0,0x1F,0xFF,0x00,0x1F,0xFF,0x80,0x0F,0xFF,0x71,0xC7,0x80,0x07,
 161            0xE0,0x1F,0xFF,0xC0,0x1F,0xFF,0x00,0x1F,0xFF,0x80,0x0F,0xFF,0x00,0x00,0x00,0x07,
 162            0xE0,0x18,0x00,0x00,0x00,0x00,0x00,0x00,0x01,0x80,0x00,0x03,0x00,0x00,0x00,0x07,
 163            0xE0,0x18,0x00,0x00,0x00,0x00,0x00,0x00,0x01,0x80,0x00,0x03,0x00,0x00,0x00,0x07,
 164            0xE0,0x18,0x00,0x00,0x00,0x00,0x00,0x00,0x01,0x80,0x00,0x03,0x3F,0x80,0x00,0x07,
 165            0xE0,0x18,0x00,0x00,0x00,0x00,0x00,0x00,0x01,0x80,0x00,0x03,0x24,0x80,0x00,0x07,
 166            0xE0,0x18,0x00,0x00,0x00,0x00,0x00,0x00,0x01,0x80,0x00,0x03,0x24,0x80,0x00,0x07,
 167            0xE0,0x18,0x00,0x00,0x00,0x00,0x00,0x00,0x01,0x80,0x00,0x03,0x26,0x80,0x00,0x07,
 168            0xE0,0x18,0x00,0x00,0x00,0x00,0x00,0x00,0x01,0x80,0x00,0x03,0x20,0x80,0x00,0x07,
 169            0xE0,0x18,0x00,0x00,0x00,0x00,0x00,0x00,0x01,0xFF,0xF0,0x03,0x20,0x80,0x00,0x07,
 170            0xE0,0x18,0x00,0x00,0x00,0x00,0x00,0x00,0x01,0xFF,0xF0,0x03,0x3F,0x80,0x00,0x07,
 171            0xE0,0x18,0x00,0x00,0x00,0x00,0x00,0x00,0x00,0x00,0x30,0x03,0x00,0x00,0x00,0x07,
 172            0xE0,0x18,0x07,0xFF,0xFF,0x00,0x00,0x18,0x00,0x00,0x30,0x03,0x00,0x00,0x00,0x07,
 173            0xE0,0x18,0x07,0xFF,0xFF,0x00,0x00,0x18,0x00,0x00,0x30,0x03,0x00,0x00,0x00,0x07,
 174            0xE0,0x00,0x00,0x00,0x03,0x00,0x00,0x18,0x00,0x00,0x30,0x03,0x39,0xC0,0x00,0x07,
 175            0xE0,0x00,0x00,0x00,0x03,0x00,0x00,0x18,0x00,0x00,0x30,0x03,0x7F,0xE0,0x00,0x07,
 176            0xE0,0x00,0x00,0x00,0x03,0x00,0x00,0x18,0x00,0x00,0x30,0x03,0x7F,0xE0,0x00,0x07,
 177            0xE0,0x00,0x00,0x00,0x03,0x00,0x00,0x18,0x00,0x00,0x30,0x03,0x7F,0xE0,0x00,0x07,
 178            0xE0,0x00,0x00,0x00,0x03,0x00,0x00,0x18,0x00,0x00,0x30,0x03,0x7F,0xE0,0x00,0x07,
C51 COMPILER V9.54   TANKGAME                                                              07/04/2020 00:38:25 PAGE 4   

 179            0xE0,0x00,0x00,0x00,0x03,0x00,0x00,0x18,0x00,0x00,0x30,0x03,0x3F,0xC0,0x00,0x07,
 180            0xE0,0x00,0x00,0x00,0x03,0x00,0x7F,0xF8,0x00,0x00,0x30,0x03,0x1F,0x80,0x00,0x07,
 181            0xE0,0x00,0x00,0x00,0x03,0x00,0x7F,0xF8,0x01,0x80,0x00,0x03,0x0F,0x00,0x00,0x07,
 182            0xE0,0x18,0x06,0x00,0x00,0x00,0x60,0x00,0x01,0x80,0x00,0x03,0x06,0x00,0x00,0x07,
 183            0xE0,0x18,0x06,0x00,0x00,0x00,0x60,0x00,0x01,0x80,0x00,0x03,0x00,0x00,0x00,0x07,
 184            0xE0,0x18,0x06,0x00,0x00,0x00,0x60,0x00,0x01,0x80,0x00,0x03,0x00,0x00,0x00,0x07,
 185            0xE0,0x18,0x06,0x00,0x00,0x00,0x60,0x00,0x01,0x80,0x00,0x03,0x00,0x00,0x00,0x07,
 186            0xE0,0x18,0x06,0x00,0x00,0x00,0x60,0x00,0x01,0x80,0x00,0x03,0x0F,0x00,0x00,0x07,
 187            0xE0,0x18,0x06,0x00,0x00,0x00,0x60,0x00,0x01,0x80,0x00,0x03,0x13,0x00,0x00,0x07,
 188            0xE0,0x18,0x06,0x00,0x00,0x00,0x60,0x00,0x01,0x80,0x00,0x03,0x1D,0x80,0x00,0x07,
 189            0xE0,0x18,0x06,0x00,0x00,0x00,0x60,0x00,0x01,0x80,0x00,0x03,0x14,0x80,0x00,0x07,
 190            0xE0,0x18,0x06,0x00,0xFF,0x00,0x60,0x1F,0xFF,0x80,0x30,0x03,0x7F,0xE0,0x00,0x07,
 191            0xE0,0x18,0x06,0x00,0xFF,0x00,0x60,0x1F,0xFF,0x80,0x30,0x03,0x7F,0xE0,0x00,0x07,
 192            0xE0,0x18,0x00,0x00,0x00,0x00,0x00,0x00,0x00,0x00,0x30,0x03,0x00,0x00,0x00,0x07,
 193            0xE0,0x18,0x00,0x00,0x00,0x00,0x00,0x00,0x00,0x00,0x30,0x03,0x00,0x00,0x00,0x07,
 194            0xE0,0x18,0x00,0x00,0x00,0x00,0x00,0x00,0x00,0x00,0x30,0x03,0x00,0x00,0x00,0x07,
 195            0xE0,0x18,0x00,0x00,0x00,0x00,0x00,0x00,0x00,0x00,0x30,0x03,0x00,0x00,0x00,0x07,
 196            0xE0,0x18,0x00,0x00,0x00,0x00,0x00,0x00,0x00,0x00,0x30,0x03,0x00,0x00,0x00,0x07,
 197            0xE0,0x18,0x00,0x00,0x00,0x00,0x00,0x00,0x00,0x00,0x30,0x03,0x00,0x00,0x00,0x07,
 198            0xE0,0x18,0x00,0x00,0x00,0x00,0x00,0x00,0x00,0x00,0x30,0x03,0x00,0x00,0x00,0x07,
 199            0xE0,0x18,0x00,0x00,0x00,0x00,0x00,0x00,0x00,0x00,0x30,0x03,0x1C,0x42,0x27,0xC7,
 200            0xE0,0x1F,0xFF,0xFF,0xFF,0x00,0x7F,0xFF,0xFF,0xFF,0xF0,0x03,0x22,0x42,0x21,0x07,
 201            0xE0,0x1F,0xFF,0xFF,0xFF,0x00,0x7F,0xFF,0xFF,0xFF,0xF0,0x03,0x40,0x42,0x21,0x07,
 202            0xE0,0x00,0x00,0x00,0x00,0x00,0x00,0x00,0x00,0x00,0x00,0x03,0x40,0x42,0x21,0x07,
 203            0xE0,0x00,0x00,0x00,0x00,0x00,0x00,0x00,0x00,0x00,0x00,0x03,0x4E,0x42,0x21,0x07,
 204            0xE0,0x00,0x00,0x00,0x00,0x00,0x00,0x00,0x00,0x00,0x00,0x03,0x42,0x42,0x21,0x07,
 205            0xE0,0x00,0x00,0x00,0x00,0x00,0x00,0x00,0x00,0x00,0x00,0x03,0x22,0x42,0x21,0x07,
 206            0xE0,0x00,0x00,0x00,0x00,0x00,0x00,0x00,0x00,0x00,0x00,0x03,0x1E,0x79,0xC1,0x07,
 207            0xE0,0x00,0x00,0x00,0x00,0x00,0x00,0x00,0x00,0x00,0x00,0x03,0x00,0x00,0x00,0x07,
 208            0xE0,0x00,0x00,0x00,0x00,0x00,0x00,0x00,0x00,0x00,0x00,0x03,0x00,0x00,0x00,0x07,
 209            0xE0,0x00,0x00,0x00,0x00,0x00,0x00,0x00,0x00,0x00,0x00,0x03,0x00,0x00,0x00,0x07,
 210            0xFF,0xFF,0xFF,0xFF,0xFF,0xFF,0xFF,0xFF,0xFF,0xFF,0xFF,0xFF,0xFF,0xFF,0xFF,0xFF,
 211            0xFF,0xFF,0xFF,0xFF,0xFF,0xFF,0xFF,0xFF,0xFF,0xFF,0xFF,0xFF,0xFF,0xFF,0xFF,0xFF,
 212            0xFF,0xFF,0xFF,0xFF,0xFF,0xFF,0xFF,0xFF,0xFF,0xFF,0xFF,0xFF,0xFF,0xFF,0xFF,0xFF
 213          };
 214          uchar code game_over[]={
 215            0xFF,0xFF,0xFF,0xFF,0xFF,0xFF,0xFF,0xFF,0xFF,0xFF,0xFF,0xFF,0xFF,0xFF,0xFF,0xFF,
 216            0xFF,0xFF,0xFF,0xFF,0xFF,0xFF,0xFF,0xFF,0xFF,0xFF,0xFF,0xFF,0xFF,0xFF,0xFF,0xFF,
 217            0xFF,0xFF,0xFF,0xFF,0xFF,0xFF,0xFF,0xFF,0xFF,0xFF,0xFF,0xFF,0xFF,0xFF,0xFF,0xFF,
 218            0xE0,0x00,0x00,0x00,0x00,0x00,0x00,0x00,0x00,0x00,0x00,0x00,0x00,0x00,0x00,0x07,
 219            0xE0,0x00,0x00,0x00,0x00,0x00,0x00,0x00,0x00,0x00,0x00,0x00,0x00,0x00,0x00,0x07,
 220            0xE0,0x00,0x00,0x00,0x00,0x00,0x00,0x00,0x00,0x00,0x00,0x00,0x00,0x00,0x00,0x07,
 221            0xE0,0x00,0x00,0x00,0x00,0x00,0x00,0x00,0x00,0x00,0x00,0x00,0x00,0x00,0x00,0x07,
 222            0xE0,0x00,0x00,0x00,0x00,0x00,0x00,0x00,0x00,0x00,0x00,0x00,0x00,0x00,0x00,0x07,
 223            0xE0,0x00,0x00,0x02,0x00,0x00,0x10,0x00,0x08,0x04,0x00,0x00,0x20,0x00,0x00,0x07,
 224            0xE0,0x00,0x31,0x03,0x00,0x00,0x18,0x00,0x0C,0x02,0x00,0x00,0x20,0x00,0x00,0x07,
 225            0xE0,0x00,0x18,0x82,0x00,0x00,0x19,0x80,0x08,0x02,0x00,0x00,0x20,0x00,0x00,0x07,
 226            0xE0,0x00,0x18,0xC2,0x00,0x01,0x18,0xC0,0x08,0x02,0x00,0xFF,0xFF,0xF0,0x00,0x07,
 227            0xE0,0x00,0x00,0x07,0xF0,0xFF,0x98,0x40,0x10,0xFF,0xF0,0x00,0x20,0x00,0x00,0x07,
 228            0xE0,0x00,0x07,0xF4,0x00,0x01,0x18,0x00,0x11,0x02,0x00,0x00,0x20,0x00,0x00,0x07,
 229            0xE0,0x00,0x85,0x88,0x00,0x03,0x08,0x30,0x23,0x02,0x00,0x1F,0xFF,0xC0,0x00,0x07,
 230            0xE0,0x00,0x69,0x17,0xF0,0x03,0x7F,0xC0,0x42,0x02,0x00,0x18,0x20,0x80,0x00,0x07,
 231            0xE0,0x00,0x69,0x00,0x20,0x22,0x88,0x00,0x7E,0x02,0x00,0x18,0x20,0x80,0x00,0x07,
 232            0xE0,0x00,0x29,0xF0,0x40,0x12,0x08,0x60,0x44,0x7F,0xE0,0x18,0x20,0x80,0x00,0x07,
 233            0xE0,0x00,0x11,0x10,0x80,0x1E,0x0C,0x60,0x08,0x00,0x00,0x18,0x20,0x80,0x00,0x07,
 234            0xE0,0x00,0x11,0x10,0x90,0x0C,0x0C,0xC0,0x10,0x00,0x00,0x1F,0xFF,0x80,0x00,0x07,
 235            0xE0,0x00,0x11,0x3F,0xF0,0x0E,0x05,0x80,0x23,0xBF,0xE0,0x18,0xF0,0xC0,0x00,0x07,
 236            0xE0,0x00,0x31,0x20,0x80,0x0B,0x05,0x00,0x7C,0x20,0x20,0x11,0xA8,0x00,0x00,0x07,
 237            0xE0,0x00,0x63,0x20,0x80,0x1B,0x06,0x00,0x60,0x20,0x20,0x01,0x24,0x00,0x00,0x07,
 238            0xE0,0x00,0x22,0x20,0x80,0x11,0x86,0x10,0x00,0x20,0x20,0x02,0x26,0x00,0x00,0x07,
 239            0xE0,0x00,0x22,0x20,0x80,0x21,0x8B,0x10,0x03,0x20,0x20,0x04,0x23,0x00,0x00,0x07,
 240            0xE0,0x00,0x64,0x20,0x80,0x20,0x31,0x90,0x1C,0x20,0x20,0x08,0x21,0xC0,0x00,0x07,
C51 COMPILER V9.54   TANKGAME                                                              07/04/2020 00:38:25 PAGE 5   

 241            0xE0,0x00,0x64,0x20,0x80,0x40,0x40,0xD0,0x70,0x3F,0xE0,0x30,0x20,0x78,0x00,0x07,
 242            0xE0,0x00,0x08,0xE3,0x80,0x80,0x80,0x70,0x40,0x20,0x20,0x40,0x20,0x20,0x00,0x07,
 243            0xE0,0x00,0x10,0xC1,0x00,0x00,0x00,0x18,0x00,0x20,0x00,0x00,0x20,0x00,0x00,0x07,
 244            0xE0,0x00,0x00,0x00,0x00,0x00,0x00,0x00,0x00,0x00,0x00,0x00,0x00,0x00,0x00,0x07,
 245            0xE0,0x00,0x00,0x00,0x00,0x00,0x00,0x00,0x00,0x00,0x00,0x00,0x00,0x00,0x00,0x07,
 246            0xE0,0x00,0x00,0x00,0x00,0x00,0x00,0x00,0x00,0x00,0x00,0x00,0x00,0x00,0x00,0x07,
 247            0xE0,0x00,0x00,0x00,0x00,0x00,0x00,0x00,0x00,0x00,0x00,0x00,0x00,0x00,0x00,0x07,
 248            0xE0,0x00,0x00,0x00,0x00,0x00,0x00,0x00,0x00,0x00,0x00,0x00,0x00,0x00,0x00,0x07,
 249            0xE0,0x00,0x00,0x00,0x00,0x00,0x00,0x00,0x00,0x00,0x00,0x00,0x00,0x00,0x00,0x07,
 250            0xE0,0x00,0x00,0x00,0x00,0x00,0x00,0x00,0x00,0x00,0x00,0x00,0x00,0x00,0x00,0x07,
 251            0xE0,0x00,0x00,0x00,0x00,0x00,0x00,0x00,0x00,0x00,0x00,0x00,0x00,0x00,0x00,0x07,
 252            0xE0,0x00,0x00,0x00,0x00,0x00,0x00,0x00,0x00,0x00,0x00,0x00,0x00,0x00,0x00,0x07,
 253            0xE0,0x00,0x00,0x00,0x00,0x00,0x00,0x00,0x0F,0xFF,0xFF,0xFF,0xFF,0x00,0x00,0x07,
 254            0xE0,0x00,0x00,0x00,0x00,0x00,0x00,0x00,0x08,0x00,0x00,0x00,0x01,0x80,0x00,0x07,
 255            0xE0,0x00,0x00,0x00,0x00,0x00,0x00,0x00,0x08,0x00,0x00,0x00,0x01,0xC0,0x00,0x07,
 256            0xE0,0x00,0x00,0x00,0x00,0x00,0x00,0x00,0x0B,0xF0,0x00,0x01,0x01,0x40,0x00,0x07,
 257            0xE0,0x00,0x00,0x00,0x00,0x00,0x00,0x00,0x09,0x08,0x00,0x01,0x01,0x40,0x00,0x07,
 258            0xE0,0x00,0x00,0x00,0x00,0x00,0x00,0x00,0x09,0x08,0x00,0x01,0x01,0x40,0x00,0x07,
 259            0xE0,0x00,0x00,0x00,0x00,0x00,0x00,0x00,0x09,0x10,0xE0,0x71,0x39,0x40,0x00,0x07,
 260            0xE0,0x00,0x00,0x00,0x00,0x00,0x00,0x00,0x09,0xE1,0x10,0x89,0x21,0x40,0x00,0x07,
 261            0xE0,0x00,0x00,0x00,0x00,0x00,0x00,0x00,0x09,0x10,0x31,0x01,0x41,0x40,0x00,0x07,
 262            0xE0,0x00,0x00,0x00,0x00,0x00,0x00,0x00,0x09,0x08,0xD1,0x01,0xA1,0x40,0x00,0x07,
 263            0xE0,0x00,0x00,0x00,0x00,0x00,0x00,0x00,0x09,0x09,0x11,0x01,0x21,0x40,0x00,0x07,
 264            0xE0,0x00,0x00,0x00,0x00,0x00,0x00,0x00,0x09,0x09,0x30,0x89,0x11,0x40,0x00,0x07,
 265            0xE0,0x00,0x00,0x00,0x00,0x00,0x00,0x00,0x0B,0xF0,0xD8,0x73,0xB9,0x40,0x00,0x07,
 266            0xE0,0x00,0x00,0x00,0x00,0x00,0x00,0x00,0x08,0x00,0x00,0x00,0x01,0x40,0x00,0x07,
 267            0xE0,0x00,0x00,0x00,0x00,0x00,0x00,0x00,0x0F,0xFF,0xFF,0xFF,0xFF,0x40,0x00,0x07,
 268            0xE0,0x00,0x00,0x00,0x00,0x00,0x00,0x00,0x0C,0x00,0x00,0x00,0x00,0xC0,0x00,0x07,
 269            0xE0,0x00,0x00,0x00,0x00,0x00,0x00,0x00,0x06,0x00,0x00,0x00,0x00,0x40,0x00,0x07,
 270            0xE0,0x00,0x00,0x00,0x00,0x00,0x00,0x00,0x03,0xFF,0xFF,0xFF,0xFF,0xC0,0x00,0x07,
 271            0xE0,0x00,0x00,0x00,0x00,0x00,0x00,0x00,0x00,0x00,0x00,0x00,0x00,0x00,0x00,0x07,
 272            0xE0,0x00,0x00,0x00,0x00,0x00,0x00,0x00,0x00,0x00,0x00,0x00,0x00,0x00,0x00,0x07,
 273            0xE0,0x00,0x00,0x00,0x00,0x00,0x00,0x00,0x00,0x00,0x00,0x00,0x00,0x00,0x00,0x07,
 274            0xE0,0x00,0x00,0x00,0x00,0x00,0x00,0x00,0x00,0x00,0x00,0x00,0x00,0x00,0x00,0x07,
 275            0xE0,0x00,0x00,0x00,0x00,0x00,0x00,0x00,0x00,0x00,0x00,0x00,0x00,0x00,0x00,0x07,
 276            0xFF,0xFF,0xFF,0xFF,0xFF,0xFF,0xFF,0xFF,0xFF,0xFF,0xFF,0xFF,0xFF,0xFF,0xFF,0xFF,
 277            0xFF,0xFF,0xFF,0xFF,0xFF,0xFF,0xFF,0xFF,0xFF,0xFF,0xFF,0xFF,0xFF,0xFF,0xFF,0xFF,
 278            0xFF,0xFF,0xFF,0xFF,0xFF,0xFF,0xFF,0xFF,0xFF,0xFF,0xFF,0xFF,0xFF,0xFF,0xFF,0xFF
 279          };
 280          uchar code game_success[]={
 281            0xFF,0xFF,0xFF,0xFF,0xFF,0xFF,0xFF,0xFF,0xFF,0xFF,0xFF,0xFF,0xFF,0xFF,0xFF,0xFF,
 282            0xFF,0xFF,0xFF,0xFF,0xFF,0xFF,0xFF,0xFF,0xFF,0xFF,0xFF,0xFF,0xFF,0xFF,0xFF,0xFF,
 283            0xFF,0xFF,0xFF,0xFF,0xFF,0xFF,0xFF,0xFF,0xFF,0xFF,0xFF,0xFF,0xFF,0xFF,0xFF,0xFF,
 284            0xE0,0x00,0x00,0x00,0x00,0x00,0x00,0x00,0x00,0x00,0x00,0x00,0x00,0x00,0x00,0x07,
 285            0xE0,0x00,0x00,0x00,0x00,0x00,0x00,0x00,0x00,0x00,0x00,0x00,0x00,0x00,0x00,0x07,
 286            0xE0,0x00,0x00,0x00,0x00,0x00,0x00,0x00,0x00,0x00,0x00,0x00,0x00,0x00,0x00,0x07,
 287            0xE0,0x00,0x00,0x00,0x00,0x00,0x00,0x00,0x00,0x00,0x00,0x00,0x00,0x00,0x00,0x07,
 288            0xE0,0x00,0x00,0x00,0x00,0x00,0x00,0x00,0x00,0x00,0x00,0x00,0x00,0x00,0x00,0x07,
 289            0xE0,0x00,0x00,0x00,0x00,0x00,0x00,0x00,0x00,0x00,0x00,0x00,0x00,0x00,0x00,0x07,
 290            0xE0,0x00,0x00,0x00,0x00,0x00,0x00,0x00,0x00,0x00,0x00,0x00,0x00,0x00,0x00,0x07,
 291            0xE0,0x00,0x00,0x00,0x00,0x00,0x00,0x00,0x00,0x00,0x00,0x00,0x00,0x00,0x00,0x07,
 292            0xE0,0x00,0x00,0x00,0x00,0x00,0x00,0x00,0x00,0x00,0x00,0x00,0x00,0x00,0x00,0x07,
 293            0xE0,0x00,0x00,0x00,0x00,0x00,0x00,0x00,0x00,0x00,0x00,0x00,0x00,0x00,0x00,0x07,
 294            0xE0,0x00,0x00,0x00,0x40,0x00,0x30,0x00,0x00,0x40,0x00,0x40,0x40,0x00,0x00,0x07,
 295            0xE0,0x00,0x01,0x18,0x40,0x00,0x34,0x01,0xF0,0x40,0x0F,0xC0,0x40,0x00,0x00,0x07,
 296            0xE0,0x00,0x00,0x88,0x40,0x00,0x13,0x01,0x33,0x40,0x12,0x00,0x40,0x00,0x00,0x07,
 297            0xE0,0x00,0x00,0x08,0xFC,0x3F,0x11,0x81,0x32,0x40,0x02,0x04,0x40,0x00,0x00,0x07,
 298            0xE0,0x00,0x00,0x6E,0x80,0x01,0x10,0x01,0x32,0x40,0x02,0x04,0x40,0x00,0x00,0x07,
 299            0xE0,0x00,0x06,0x51,0xF4,0x03,0x10,0xE1,0xF7,0xFC,0x3F,0xF4,0x40,0x00,0x00,0x07,
 300            0xE0,0x00,0x02,0x91,0x08,0x23,0xFF,0x01,0x34,0x40,0x02,0x04,0x40,0x00,0x00,0x07,
 301            0xE0,0x00,0x02,0x9E,0x10,0x12,0x10,0x01,0x34,0x40,0x02,0x04,0x40,0x00,0x00,0x07,
 302            0xE0,0x00,0x00,0x92,0x30,0x0A,0x18,0x81,0x38,0x40,0x07,0x84,0x40,0x00,0x00,0x07,
C51 COMPILER V9.54   TANKGAME                                                              07/04/2020 00:38:25 PAGE 6   

 303            0xE0,0x00,0x00,0x92,0x10,0x0C,0x09,0x81,0xF0,0x40,0x06,0x64,0x40,0x00,0x00,0x07,
 304            0xE0,0x00,0x01,0x13,0xFE,0x06,0x0B,0x01,0x33,0xFC,0x0A,0x24,0x40,0x00,0x00,0x07,
 305            0xE0,0x00,0x01,0x12,0x10,0x0A,0x0A,0x01,0x30,0x40,0x12,0x24,0x40,0x00,0x00,0x07,
 306            0xE0,0x00,0x03,0x22,0x10,0x09,0x0C,0x22,0x30,0x40,0x22,0x04,0x40,0x00,0x00,0x07,
 307            0xE0,0x00,0x03,0x22,0x10,0x11,0x0C,0x22,0x30,0x40,0x42,0x00,0x40,0x00,0x00,0x07,
 308            0xE0,0x00,0x03,0x44,0x10,0x20,0x12,0x22,0x30,0x40,0x02,0x00,0x40,0x00,0x00,0x07,
 309            0xE0,0x00,0x03,0x44,0x10,0x20,0x63,0x42,0x20,0x40,0x02,0x00,0x40,0x00,0x00,0x07,
 310            0xE0,0x00,0x01,0x8C,0x60,0x41,0x81,0xE4,0x67,0xFE,0x02,0x03,0xC0,0x00,0x00,0x07,
 311            0xE0,0x00,0x01,0x00,0x20,0x00,0x00,0x60,0x00,0x00,0x02,0x00,0x80,0x00,0x00,0x07,
 312            0xE0,0x00,0x00,0x00,0x00,0x00,0x00,0x00,0x00,0x00,0x00,0x00,0x00,0x00,0x00,0x07,
 313            0xE0,0x00,0x00,0x00,0x00,0x00,0x00,0x00,0x00,0x00,0x00,0x00,0x00,0x00,0x00,0x07,
 314            0xE0,0x00,0x00,0x00,0x00,0x00,0x00,0x00,0x00,0x00,0x00,0x00,0x00,0x00,0x00,0x07,
 315            0xE0,0x00,0x00,0x00,0x00,0x00,0x00,0x00,0x00,0x00,0x00,0x00,0x00,0x00,0x00,0x07,
 316            0xE0,0x00,0x00,0x00,0x00,0x00,0x00,0x00,0x00,0x00,0x00,0x00,0x00,0x00,0x00,0x07,
 317            0xE0,0x00,0x00,0x00,0x00,0x00,0x00,0x00,0x00,0x00,0x00,0x00,0x00,0x00,0x00,0x07,
 318            0xE0,0x00,0x00,0x00,0x00,0x00,0x00,0x00,0x00,0x00,0x00,0x00,0x00,0x00,0x00,0x07,
 319            0xE0,0x00,0x00,0x00,0x00,0x00,0x00,0x00,0x0F,0xFF,0xFF,0xFF,0xFF,0x00,0x00,0x07,
 320            0xE0,0x00,0x00,0x00,0x00,0x00,0x00,0x00,0x08,0x00,0x00,0x00,0x01,0x80,0x00,0x07,
 321            0xE0,0x00,0x00,0x00,0x00,0x00,0x00,0x00,0x08,0x00,0x00,0x00,0x01,0xC0,0x00,0x07,
 322            0xE0,0x00,0x00,0x00,0x00,0x00,0x00,0x00,0x0B,0xF0,0x00,0x01,0x01,0x40,0x00,0x07,
 323            0xE0,0x00,0x00,0x00,0x00,0x00,0x00,0x00,0x09,0x08,0x00,0x01,0x01,0x40,0x00,0x07,
 324            0xE0,0x00,0x00,0x00,0x00,0x00,0x00,0x00,0x09,0x08,0x00,0x01,0x01,0x40,0x00,0x07,
 325            0xE0,0x00,0x00,0x00,0x00,0x00,0x00,0x00,0x09,0x10,0xE0,0x71,0x39,0x40,0x00,0x07,
 326            0xE0,0x00,0x00,0x00,0x00,0x00,0x00,0x00,0x09,0xE1,0x10,0x89,0x21,0x40,0x00,0x07,
 327            0xE0,0x00,0x00,0x00,0x00,0x00,0x00,0x00,0x09,0x10,0x31,0x01,0x41,0x40,0x00,0x07,
 328            0xE0,0x00,0x00,0x00,0x00,0x00,0x00,0x00,0x09,0x08,0xD1,0x01,0xA1,0x40,0x00,0x07,
 329            0xE0,0x00,0x00,0x00,0x00,0x00,0x00,0x00,0x09,0x09,0x11,0x01,0x21,0x40,0x00,0x07,
 330            0xE0,0x00,0x00,0x00,0x00,0x00,0x00,0x00,0x09,0x09,0x30,0x89,0x11,0x40,0x00,0x07,
 331            0xE0,0x00,0x00,0x00,0x00,0x00,0x00,0x00,0x0B,0xF0,0xD8,0x73,0xB9,0x40,0x00,0x07,
 332            0xE0,0x00,0x00,0x00,0x00,0x00,0x00,0x00,0x08,0x00,0x00,0x00,0x01,0x40,0x00,0x07,
 333            0xE0,0x00,0x00,0x00,0x00,0x00,0x00,0x00,0x0F,0xFF,0xFF,0xFF,0xFF,0x40,0x00,0x07,
 334            0xE0,0x00,0x00,0x00,0x00,0x00,0x00,0x00,0x0C,0x00,0x00,0x00,0x00,0xC0,0x00,0x07,
 335            0xE0,0x00,0x00,0x00,0x00,0x00,0x00,0x00,0x06,0x00,0x00,0x00,0x00,0x40,0x00,0x07,
 336            0xE0,0x00,0x00,0x00,0x00,0x00,0x00,0x00,0x03,0xFF,0xFF,0xFF,0xFF,0xC0,0x00,0x07,
 337            0xE0,0x00,0x00,0x00,0x00,0x00,0x00,0x00,0x00,0x00,0x00,0x00,0x00,0x00,0x00,0x07,
 338            0xE0,0x00,0x00,0x00,0x00,0x00,0x00,0x00,0x00,0x00,0x00,0x00,0x00,0x00,0x00,0x07,
 339            0xE0,0x00,0x00,0x00,0x00,0x00,0x00,0x00,0x00,0x00,0x00,0x00,0x00,0x00,0x00,0x07,
 340            0xE0,0x00,0x00,0x00,0x00,0x00,0x00,0x00,0x00,0x00,0x00,0x00,0x00,0x00,0x00,0x07,
 341            0xE0,0x00,0x00,0x00,0x00,0x00,0x00,0x00,0x00,0x00,0x00,0x00,0x00,0x00,0x00,0x07,
 342            0xFF,0xFF,0xFF,0xFF,0xFF,0xFF,0xFF,0xFF,0xFF,0xFF,0xFF,0xFF,0xFF,0xFF,0xFF,0xFF,
 343            0xFF,0xFF,0xFF,0xFF,0xFF,0xFF,0xFF,0xFF,0xFF,0xFF,0xFF,0xFF,0xFF,0xFF,0xFF,0xFF,
 344            0xFF,0xFF,0xFF,0xFF,0xFF,0xFF,0xFF,0xFF,0xFF,0xFF,0xFF,0xFF,0xFF,0xFF,0xFF,0xFF
 345          };
 346          uchar code tank_up[]={0x30,0x30,0xFC,0xFC,0xFC,0xFC};//坦克朝上
 347          uchar code tank_le[]={0x3C,0x3C,0xFC,0xFC,0x3C,0x3C};//坦克向左
 348          uchar code tank_do[]={0xFC,0xFC,0xFC,0xFC,0x30,0x30};//坦克向下
 349          uchar code tank_ri[]={0xF0,0xF0,0xFC,0xFC,0xF0,0xF0};//坦克向右
 350          
 351          sbit LED1 = P5^5;
 352          sbit LED2 = P4^2;
 353          
 354          unsigned long LevelTime=0;
 355          uchar Level=0,i;
 356          GameCore *game=NULL;//游戏引擎对象
 357          GameObject* gameObject[10];//游戏根元素对象
 358          //GamePic* pic=NULL;
 359          GamePic* gamePic[10];
 360          unsigned long bullet_time=0;//子弹时间
 361          //uint oldSecond=0;
 362          uchar life,score;
 363          
 364          Enemy_Tank enemy_tank[4];//敌方坦克
C51 COMPILER V9.54   TANKGAME                                                              07/04/2020 00:38:25 PAGE 7   

 365          
 366          Bullet_Data bullet[MaxTankBullet];//子弹
 367          /*Enemy_Tank enemy_tank1;
 368          Enemy_Tank enemy_tank2;
 369          Enemy_Tank enemy_tank3;
 370          Enemy_Tank enemy_tank4;
 371          */
 372          uchar getDirection(GameObject* obj){
 373   1        if(obj->pic==gamePic[3])return 1;//上
 374   1        if(obj->pic==gamePic[4])return 2;//左
 375   1        if(obj->pic==gamePic[5])return 3;//下
 376   1        if(obj->pic==gamePic[6])return 4;//右
 377   1        return 0;
 378   1      }
 379          void KeyListener() reentrant{
 380   1        int i;
 381   1        uchar ch;
 382   1        if(key_Left==0){
 383   2          //LED2=~LED2;
 384   2          if(Level==2){
 385   3            gameObject[1]->pic=gamePic[4];
 386   3            for(i=0;i<6;i++)
 387   3              if(getPixelFromGame(game,gameObject[1]->x-1,gameObject[1]->y+i))return;//如果被挡住了说明不能走
 388   3            gameObject[1]->x--;
 389   3          }
 390   2        }
 391   1        if(key_Right==0){
 392   2          //LED2=~LED2;
 393   2          if(Level==2){
 394   3            gameObject[1]->pic=gamePic[6];
 395   3            for(i=0;i<6;i++)
 396   3              if(getPixelFromGame(game,gameObject[1]->x+6,gameObject[1]->y+i))return;
 397   3            gameObject[1]->x++;
 398   3          }
 399   2        }
 400   1        if(key_Up==0){
 401   2          //LED2=~LED2;
 402   2          if(Level==2){
 403   3            gameObject[1]->pic=gamePic[3];
 404   3            for(i=0;i<6;i++)
 405   3              if(getPixelFromGame(game,gameObject[1]->x+i,gameObject[1]->y-1))return;
 406   3            gameObject[1]->y--;
 407   3          }
 408   2        }
 409   1        if(key_Down==0){
 410   2          //LED2=~LED2;
 411   2          if(Level==2){
 412   3            gameObject[1]->pic=gamePic[5];
 413   3            for(i=0;i<6;i++)
 414   3              if(getPixelFromGame(game,gameObject[1]->x+i,gameObject[1]->y+6))return;
 415   3            gameObject[1]->y++;
 416   3          }
 417   2        }
 418   1        if(key_Attack==0){
 419   2          if(Level==2){
 420   3            if(bullet_time>game->time/100-2)return;
 421   3            bullet_time=game->time/100;
 422   3            i=0;
 423   3            for(i=0;i<MaxTankBullet;i++){
 424   4              if(bullet[i].status==0){
 425   5                ch=getDirection(gameObject[1]);
 426   5                bullet[i].status=ch<<4;
C51 COMPILER V9.54   TANKGAME                                                              07/04/2020 00:38:25 PAGE 8   

 427   5                switch(ch){
 428   6                  case 1:
 429   6                    bullet[i].x=gameObject[1]->x+2;
 430   6                    bullet[i].y=gameObject[1]->y-2;
 431   6                    break;
 432   6                  case 2:
 433   6                    bullet[i].x=gameObject[1]->x-2;
 434   6                    bullet[i].y=gameObject[1]->y+2;
 435   6                    break;
 436   6                  case 3:
 437   6                    bullet[i].x=gameObject[1]->x+2;
 438   6                    bullet[i].y=gameObject[1]->y+6;
 439   6                    break;
 440   6                  case 4:
 441   6                    bullet[i].x=gameObject[1]->x+6;
 442   6                    bullet[i].y=gameObject[1]->y+2;
 443   6                    break;
 444   6                }
 445   5                break;
 446   5              }
 447   4            }
 448   3          }
 449   2          //LED2=~LED2;
 450   2        }
 451   1        if(key_Enter==0){
 452   2          if(Level==1){//开始游戏
 453   3            Level=2;
 454   3            gameObject[0]->pic=gamePic[2];
 455   3            LevelTime=game->time;
 456   3            gameObject[1]->pic=gamePic[3];
 457   3            gameObject[1]->x=42;
 458   3            gameObject[1]->y=54;
 459   3            gameObject[1]->isDisplay=1;
 460   3            life=2;//初始化两条命
 461   3            score=0;//分数清0
 462   3            for(i=0;i<4;i++){
 463   4              enemy_tank[i].gameObject->pic=gamePic[5];
 464   4              enemy_tank[i].gameObject->isDisplay=1;//敌方坦克复活
 465   4              enemy_tank[i].bullet_time=0;
 466   4            }
 467   3            enemy_tank[0].gameObject->x= 4;enemy_tank[0].gameObject->y=4;
 468   3            enemy_tank[1].gameObject->x= 36;enemy_tank[1].gameObject->y=4;
 469   3            enemy_tank[2].gameObject->x= 64;enemy_tank[2].gameObject->y=4;
 470   3            enemy_tank[3].gameObject->x= 87;enemy_tank[3].gameObject->y=4;
 471   3            for(i=0;i<MaxTankBullet;i++)bullet[i].status=0;
 472   3          }
 473   2          //LED2=~LED2;
 474   2        }
 475   1        if(key_Back==0){
 476   2          //if(Level==1||Level==2){
 477   2            gameObject[0]->pic=gamePic[0];
 478   2            LevelTime=game->time;
 479   2            Level=0;
 480   2            gameObject[1]->isDisplay=0;
 481   2            for(i=0;i<4;i++)
 482   2              enemy_tank[i].gameObject->isDisplay=0;
 483   2          //}
 484   2          //LED2=~LED2;
 485   2        }
 486   1      }
 487          
 488          
C51 COMPILER V9.54   TANKGAME                                                              07/04/2020 00:38:25 PAGE 9   

 489          void initSource(){
 490   1        //陈淞 3172052051601 陈双发 3172052051639
 491   1        gamePic[0]=newGamePic(&authorBox,128,64);//生成纹理 首屏 作者
 492   1        gamePic[1]=newGamePic(&infBox,128,64);//生成纹理 首屏 信息
 493   1        gamePic[2]=newGamePic(&level1,128,64);//生成纹理 首屏 地图
 494   1        gamePic[3]=newGamePic(&tank_up,6,6);//生成纹理 坦克模型
 495   1        gamePic[4]=newGamePic(&tank_le,6,6);//生成纹理 坦克模型
 496   1        gamePic[5]=newGamePic(&tank_do,6,6);//生成纹理 坦克模型
 497   1        gamePic[6]=newGamePic(&tank_ri,6,6);//生成纹理 坦克模型
 498   1        gamePic[7]=newGamePic(&game_over,128,64);//游戏失败
 499   1        gamePic[8]=newGamePic(&game_success,128,64);//游戏胜利
 500   1      }
 501          void beforeDraw() reentrant{//画之前
 502   1        
 503   1      }
 504          uchar bulletIsAttackEnemy(Bullet_Data* bullet) reentrant{//子弹是否击中敌人 击中就返回编号
 505   1        uint i;
 506   1        for(i=0;i<4;i++){
 507   2          if(enemy_tank[i].gameObject->isDisplay&&bullet->x>=enemy_tank[i].gameObject->x && bullet->x<enemy_tank[i
             -].gameObject->x+6 && bullet->y>=enemy_tank[i].gameObject->y && bullet->y<enemy_tank[i].gameObject->y+6)return i;
 508   2          if(enemy_tank[i].gameObject->isDisplay&&bullet->x+1>=enemy_tank[i].gameObject->x && bullet->x+1<enemy_ta
             -nk[i].gameObject->x+6 && bullet->y>=enemy_tank[i].gameObject->y && bullet->y<enemy_tank[i].gameObject->y+6)return i;
 509   2          if(enemy_tank[i].gameObject->isDisplay&&bullet->x+1>=enemy_tank[i].gameObject->x && bullet->x+1<enemy_ta
             -nk[i].gameObject->x+6 && bullet->y+1>=enemy_tank[i].gameObject->y && bullet->y+1<enemy_tank[i].gameObject->y+6)return i;
 510   2          if(enemy_tank[i].gameObject->isDisplay&&bullet->x>=enemy_tank[i].gameObject->x && bullet->x<enemy_tank[i
             -].gameObject->x+6 && bullet->y+1>=enemy_tank[i].gameObject->y && bullet->y+1<enemy_tank[i].gameObject->y+6)return i;
 511   2        }
 512   1        return 99;//99代表没有击中
 513   1      }
 514          boolean bulletIsAttackMe(Bullet_Data* bullet) reentrant{//子弹是否击中自己 击中就返回true
 515   1        if(gameObject[1]->isDisplay&&bullet->x>=gameObject[1]->x && bullet->x<gameObject[1]->x+6 && bullet->y>=ga
             -meObject[1]->y && bullet->y<gameObject[1]->y+6)return true;
 516   1        if(gameObject[1]->isDisplay&&bullet->x+1>=gameObject[1]->x && bullet->x+1<gameObject[1]->x+6 && bullet->y
             ->=gameObject[1]->y && bullet->y<gameObject[1]->y+6)return true;
 517   1        if(gameObject[1]->isDisplay&&bullet->x+1>=gameObject[1]->x && bullet->x+1<gameObject[1]->x+6 && bullet->y
             -+1>=gameObject[1]->y && bullet->y+1<gameObject[1]->y+6)return true;
 518   1        if(gameObject[1]->isDisplay&&bullet->x>=gameObject[1]->x && bullet->x<gameObject[1]->x+6 && bullet->y+1>=
             -gameObject[1]->y && bullet->y+1<gameObject[1]->y+6)return true;
 519   1        return false;//99代表没有击中
 520   1      }
 521          void letgameover() reentrant{
 522   1        Level=3;
 523   1        gameObject[0]->pic=gamePic[7];
 524   1        LevelTime=game->time;
 525   1        gameObject[1]->isDisplay=0;
 526   1        for(i=0;i<4;i++)
 527   1          enemy_tank[i].gameObject->isDisplay=0;
 528   1      }
 529          void letgamesuccess() reentrant{
 530   1        Level=4;
 531   1        gameObject[0]->pic=gamePic[8];
 532   1        LevelTime=game->time;
 533   1        gameObject[1]->isDisplay=0;
 534   1        for(i=0;i<4;i++)
 535   1          enemy_tank[i].gameObject->isDisplay=0;
 536   1      }
 537          void afterDraw() reentrant{
 538   1        uint i,j,k;
 539   1        uchar direction;
 540   1        if(Level==2){
 541   2          drawNumber(game,game->fps,116,5);
 542   2          drawNumber(game,(game->time-LevelTime)/100,106,15);
C51 COMPILER V9.54   TANKGAME                                                              07/04/2020 00:38:25 PAGE 10  

 543   2          drawNumber(game,life,108,26);
 544   2          drawNumber(game,score,108,36);
 545   2          if(game->time-LevelTime>6000)letgameover();//超过60秒结束游戏！
 546   2          for(i=0;i<4;i++){//AI
 547   3            if(enemy_tank[i].gameObject->isDisplay==0)continue;//死亡的不用进行AI
 548   3            direction=enemy_tank[i].status;
 549   3            switch(direction){
 550   4              case 1://上
 551   4                for(j=0;j<6;j++)
 552   4                  if(getPixelFromGame(game,enemy_tank[i].gameObject->x+j,enemy_tank[i].gameObject->y-1)){
 553   5                    enemy_tank[i].status=0;
 554   5                    break;
 555   5                  };//如果被挡住了说明不能走
 556   4                if(enemy_tank[i].status==0)break;
 557   4                enemy_tank[i].gameObject->pic=gamePic[3]; 
 558   4                enemy_tank[i].gameObject->y--;
 559   4                if(rand()%3==0 && enemy_tank[i].bullet_time<game->time/100-2){
 560   5                  enemy_tank[i].bullet_time=game->time/100;
 561   5                  for(j=0;j<MaxTankBullet;j++){
 562   6                    if(bullet[j].status==0){
 563   7                      bullet[j].status=0x11;//敌方子弹
 564   7                      bullet[j].x=enemy_tank[i].gameObject->x+2;
 565   7                      bullet[j].y=enemy_tank[i].gameObject->y-2;
 566   7                      break;
 567   7                    }
 568   6                  }
 569   5                }
 570   4                if(rand()%5==0)
 571   4                  enemy_tank[i].status=rand()%5;
 572   4                break;
 573   4              case 2://左
 574   4                for(j=0;j<6;j++)
 575   4                  if(getPixelFromGame(game,enemy_tank[i].gameObject->x-1,enemy_tank[i].gameObject->y+j)){
 576   5                    enemy_tank[i].status=0;
 577   5                    break;
 578   5                  };//如果被挡住了说明不能走
 579   4                if(enemy_tank[i].status==0)break;
 580   4                enemy_tank[i].gameObject->pic=gamePic[4]; 
 581   4                enemy_tank[i].gameObject->x--;
 582   4                if(rand()%3==0&&enemy_tank[i].bullet_time<game->time/100-2){
 583   5                  enemy_tank[i].bullet_time=game->time/100;
 584   5                  for(j=0;i<MaxTankBullet;j++){
 585   6                    if(bullet[j].status==0){
 586   7                      bullet[j].status=0x21;//敌方子弹
 587   7                      bullet[j].x=enemy_tank[i].gameObject->x+2;
 588   7                      bullet[j].y=enemy_tank[i].gameObject->y+6;
 589   7                      break;
 590   7                    }
 591   6                  }
 592   5                }
 593   4                if(rand()%5==0)
 594   4                  enemy_tank[i].status=rand()%5;
 595   4                break;
 596   4              case 3://下
 597   4                for(j=0;j<6;j++)
 598   4                  if(getPixelFromGame(game,enemy_tank[i].gameObject->x+j,enemy_tank[i].gameObject->y-1)){
 599   5                    enemy_tank[i].status=0;
 600   5                    break;
 601   5                  };//如果被挡住了说明不能走
 602   4                if(enemy_tank[i].status==0)break;
 603   4                enemy_tank[i].gameObject->pic=gamePic[5]; 
 604   4                enemy_tank[i].gameObject->y++;
C51 COMPILER V9.54   TANKGAME                                                              07/04/2020 00:38:25 PAGE 11  

 605   4                if(rand()%3==0&&enemy_tank[i].bullet_time<game->time/100-2){
 606   5                  enemy_tank[i].bullet_time=game->time/100;
 607   5                  for(j=0;j<MaxTankBullet;j++){
 608   6                    if(bullet[j].status==0){
 609   7                      bullet[j].status=0x31;//敌方子弹
 610   7                      bullet[j].x=enemy_tank[i].gameObject->x-2;
 611   7                      bullet[j].y=enemy_tank[i].gameObject->y+2;
 612   7                      break;
 613   7                    }
 614   6                  }
 615   5                }
 616   4                if(rand()%5==0)
 617   4                  enemy_tank[i].status=rand()%5;
 618   4                break;
 619   4              case 4://右
 620   4                for(j=0;j<6;j++)
 621   4                  if(getPixelFromGame(game,enemy_tank[i].gameObject->x+6,enemy_tank[i].gameObject->y+j)){
 622   5                    enemy_tank[i].status=0;
 623   5                    break;
 624   5                  };//如果被挡住了说明不能走
 625   4                if(enemy_tank[i].status==0)break;
 626   4                enemy_tank[i].gameObject->pic=gamePic[6]; 
 627   4                enemy_tank[i].gameObject->x++;
 628   4                if(rand()%3==0&&enemy_tank[i].bullet_time<game->time/100-2){
 629   5                  enemy_tank[i].bullet_time=game->time/100;
 630   5                  for(j=0;j<MaxTankBullet;j++){
 631   6                    if(bullet[j].status==0){
 632   7                      bullet[j].status=0x41;//敌方子弹
 633   7                      bullet[j].x=enemy_tank[i].gameObject->x+6;
 634   7                      bullet[j].y=enemy_tank[i].gameObject->y+2;
 635   7                      break;
 636   7                    }
 637   6                  }
 638   5                }
 639   4                if(rand()%5==0)
 640   4                  enemy_tank[i].status=rand()%5;
 641   4                break;
 642   4              default:
 643   4                if(rand()%5==0)
 644   4                  enemy_tank[i].status=rand()%5;
 645   4            }
 646   3            
 647   3          }
 648   2          for(i=0;i<MaxTankBullet;i++){
 649   3            if(bullet[i].status!=0){
 650   4              
 651   4              drawPixel(game,bullet[i].x,bullet[i].y,1);
 652   4              drawPixel(game,bullet[i].x+1,bullet[i].y,1);
 653   4              drawPixel(game,bullet[i].x,bullet[i].y+1,1);
 654   4              drawPixel(game,bullet[i].x+1,bullet[i].y+1,1);
 655   4              direction=bullet[i].status>>4;
 656   4              k=bullet[i].status&0xf;
 657   4              
 658   4              //if(direction==1)LED2=~LED2;
 659   4              //continue;
 660   4              switch(direction){
 661   5                case 1:
 662   5                  bullet[i].y-=3;
 663   5                  if(k==0){//己方子弹
 664   6                    j=bulletIsAttackEnemy(&bullet[i]);
 665   6                    if(j!=99){
 666   7                      enemy_tank[j].gameObject->isDisplay=0;
C51 COMPILER V9.54   TANKGAME                                                              07/04/2020 00:38:25 PAGE 12  

 667   7                      bullet[i].status=0;
 668   7                      score+=10;
 669   7                      if(score>=40)letgamesuccess();
 670   7                      break;
 671   7                    }
 672   6                  }else{
 673   6                    if(bulletIsAttackMe(&bullet[i])){
 674   7                      bullet[i].status=0;
 675   7                      life--;
 676   7                      if(life==0)letgameover();
 677   7                      break;
 678   7                    }
 679   6                  }
 680   5                  if(getPixelFromGame(game,bullet[i].x,bullet[i].y)){bullet[i].status=0;break;}
 681   5                  if(getPixelFromGame(game,bullet[i].x+1,bullet[i].y)){bullet[i].status=0;break;}
 682   5                  if(getPixelFromGame(game,bullet[i].x,bullet[i].y-1)){bullet[i].status=0;break;}
 683   5                  if(getPixelFromGame(game,bullet[i].x+1,bullet[i].y-1)){bullet[i].status=0;break;}
 684   5                  if(getPixelFromGame(game,bullet[i].x,bullet[i].y-2)){bullet[i].status=0;break;}
 685   5                  if(getPixelFromGame(game,bullet[i].x+1,bullet[i].y-2)){bullet[i].status=0;break;}
 686   5                  
 687   5                  
 688   5                  break;
 689   5                case 2:
 690   5                  bullet[i].x-=3;
 691   5                  if(k==0){//己方子弹
 692   6                    j=bulletIsAttackEnemy(&bullet[i]);
 693   6                    if(j!=99){
 694   7                      enemy_tank[j].gameObject->isDisplay=0;
 695   7                      bullet[i].status=0;
 696   7                      score+=10;
 697   7                      if(score>=40)letgamesuccess();
 698   7                      break;
 699   7                    }
 700   6                  }else{
 701   6                    if(bulletIsAttackMe(&bullet[i])){
 702   7                      bullet[i].status=0;
 703   7                      life--;
 704   7                      if(life==0)letgameover();
 705   7                      break;
 706   7                    }
 707   6                  }
 708   5                  if(getPixelFromGame(game,bullet[i].x,bullet[i].y)){bullet[i].status=0;break;}
 709   5                  if(getPixelFromGame(game,bullet[i].x+1,bullet[i].y)){bullet[i].status=0;break;}
 710   5                  if(getPixelFromGame(game,bullet[i].x+2,bullet[i].y)){bullet[i].status=0;break;}
 711   5                  if(getPixelFromGame(game,bullet[i].x,bullet[i].y+1)){bullet[i].status=0;break;}
 712   5                  if(getPixelFromGame(game,bullet[i].x+1,bullet[i].y+1)){bullet[i].status=0;break;}
 713   5                  if(getPixelFromGame(game,bullet[i].x+2,bullet[i].y+1)){bullet[i].status=0;break;}
 714   5                  break;
 715   5                case 3:
 716   5                  bullet[i].y+=3;
 717   5                  if(k==0){//己方子弹
 718   6                    j=bulletIsAttackEnemy(&bullet[i]);
 719   6                    if(j!=99){
 720   7                      enemy_tank[j].gameObject->isDisplay=0;
 721   7                      bullet[i].status=0;
 722   7                      score+=10;
 723   7                      if(score>=40)letgamesuccess();
 724   7                      break;
 725   7                    }
 726   6                  }else{
 727   6                    if(bulletIsAttackMe(&bullet[i])){
 728   7                      bullet[i].status=0;
C51 COMPILER V9.54   TANKGAME                                                              07/04/2020 00:38:25 PAGE 13  

 729   7                      life--;
 730   7                      if(life==0)letgameover();
 731   7                      break;
 732   7                    }
 733   6                  }
 734   5                  if(getPixelFromGame(game,bullet[i].x-2,bullet[i].y)){bullet[i].status=0;break;}
 735   5                  if(getPixelFromGame(game,bullet[i].x-1,bullet[i].y)){bullet[i].status=0;break;}
 736   5                  if(getPixelFromGame(game,bullet[i].x,bullet[i].y)){bullet[i].status=0;break;}
 737   5                  if(getPixelFromGame(game,bullet[i].x-2,bullet[i].y+1)){bullet[i].status=0;break;}
 738   5                  if(getPixelFromGame(game,bullet[i].x-1,bullet[i].y+1)){bullet[i].status=0;break;}
 739   5                  if(getPixelFromGame(game,bullet[i].x,bullet[i].y+1)){bullet[i].status=0;break;}
 740   5                  break;
 741   5                case 4:
 742   5                  bullet[i].x+=3;
 743   5                  if(k==0){//己方子弹
 744   6                    j=bulletIsAttackEnemy(&bullet[i]);
 745   6                    if(j!=99){
 746   7                      enemy_tank[j].gameObject->isDisplay=0;
 747   7                      bullet[i].status=0;
 748   7                      score+=10;
 749   7                      if(score>=40)letgamesuccess();//40分游戏胜利
 750   7                      break;
 751   7                    }
 752   6                  }else{
 753   6                    if(bulletIsAttackMe(&bullet[i])){
 754   7                      bullet[i].status=0;
 755   7                      life--;
 756   7                      if(life==0)letgameover();
 757   7                      break;
 758   7                    }
 759   6                  }
 760   5                  if(getPixelFromGame(game,bullet[i].x-1,bullet[i].y)){bullet[i].status=0;break;}
 761   5                  if(getPixelFromGame(game,bullet[i].x,bullet[i].y)){bullet[i].status=0;break;}
 762   5                  if(getPixelFromGame(game,bullet[i].x+1,bullet[i].y)){bullet[i].status=0;break;}
 763   5                  if(getPixelFromGame(game,bullet[i].x-1,bullet[i].y+1)){bullet[i].status=0;break;}
 764   5                  if(getPixelFromGame(game,bullet[i].x,bullet[i].y+1)){bullet[i].status=0;break;}
 765   5                  if(getPixelFromGame(game,bullet[i].x+1,bullet[i].y+1)){bullet[i].status=0;break;}
 766   5                  break;
 767   5              }
 768   4            }
 769   3          }
 770   2          
 771   2          
 772   2        }
 773   1      }
 774          void TankGame_Init(){
 775   1        initGameCore();//初始化游戏引擎
 776   1        initSource();//初始化游戏内资源
 777   1        game=newGameCore(128,64);//实例化一个游戏引擎 宽128 高64
 778   1        
 779   1        gameObject[0]=newGameObject();//实例化一个游戏对象
 780   1        game->rootGameObject=gameObject[0];//设置根元素到游戏中
 781   1        //setRootGameObject(game,gameObject[0]);//设置根元素到游戏中
 782   1        //setGamePicOnGameObject(gamePic[0],gameObject[0]);//将纹理绑定到游戏对象中
 783   1        gameObject[0]->pic=gamePic[0];
 784   1        
 785   1        gameObject[1]=newGameObject();//己方坦克
 786   1        gameObject[1]->isDisplay=0;//初始化的时候先隐藏
 787   1        
 788   1        appendChild(gameObject[0],gameObject[1]);
 789   1        //enemy_tank1.gameObject=newGameObject();
 790   1        //appendChild(gameObject[0],enemy_tank1.gameObject);
C51 COMPILER V9.54   TANKGAME                                                              07/04/2020 00:38:25 PAGE 14  

 791   1        for(i=0;i<4;i++){
 792   2          enemy_tank[i].gameObject=newGameObject();
 793   2          enemy_tank[i].gameObject->isDisplay=0;
 794   2          appendChild(gameObject[0],enemy_tank[i].gameObject);
 795   2          
 796   2          /*enemy_tank[i]=(Enemy_Tank *)mem_calloc(sizeof(Enemy_Tank));
 797   2          enemy_tank[i]->gameObject=newGameObject();
 798   2          enemy_tank[i]->gameObject->isDisplay=0;
 799   2          appendChild(gameObject[0],enemy_tank[i]->gameObject);*/
 800   2        }
 801   1        //gameObject[4]=newGameObject();//实例化一个游戏对象 作者框
 802   1        
 803   1        
 804   1        /*
 805   1        gameObject[1]=newGameObject();//实例化一个作者对象1
 806   1        gameObject[2]=newGameObject();//实例化一个作者对象2
 807   1        setGamePicOnGameObject(gamePic[5],gameObject[1]);//贴图
 808   1        setGamePicOnGameObject(gamePic[6],gameObject[2]);//贴图
 809   1        setGameObjectPos(gameObject[1],13,10);
 810   1        setGameObjectPos(gameObject[2],1,30);
 811   1        appendChild(gameObject[4],gameObject[1]);//放到作者框元素下
 812   1        appendChild(gameObject[4],gameObject[2]);//放到作者框下
 813   1        
 814   1        gameObject[5]=newGameObject();//游戏进入界面
 815   1        */
 816   1        game->beforeDrawCallback=beforeDraw;
 817   1        game->afterDrawCallback=afterDraw;
 818   1        //gameObject[3]=newGameObject();//实例化一个坦克
 819   1        //setGameObjectPos(gameObject[3],30,30);
 820   1        //setGamePicOnGameObject(gamePic[1],gameObject[3]);
 821   1        //appendChild(gameObject[0],gameObject[3]);
 822   1        
 823   1        //addCallBack(game,KeyListener);
 824   1        
 825   1      }
 826          GameCore* getGame(){//得到游戏内核 供其他文件调用
 827   1        return game;
 828   1      }
 829          void TankGame_Render(){
 830   1        doGameRender(game);
 831   1      }
 832          
 833          void TankGame_Input(unsigned long curTime) reentrant{
 834   1        //int i;
 835   1        if(game==NULL)return;
 836   1        game->time=curTime;
 837   1        //gameObject[4]->isDisplay=0;
 838   1        //gameObject[4]->isDisplay=1;
 839   1        //if(curTime%5000>2500){
 840   1        KeyListener();
 841   1        
 842   1        switch(Level){
 843   2          case 0:
 844   2            if(curTime>LevelTime+100){//1秒后
 845   3              Level=1;
 846   3              gameObject[0]->pic=gamePic[1];
 847   3              //setGamePicOnGameObject(,);
 848   3              //doGameFullRender(game);
 849   3              //gameObject[4]->isDisplay=false;//隐藏作者框
 850   3              //显示游戏界面
 851   3              
 852   3            }
C51 COMPILER V9.54   TANKGAME                                                              07/04/2020 00:38:25 PAGE 15  

 853   2            break;
 854   2          case 1://显示游戏界面
 855   2            
 856   2            break;
 857   2          case 2:
 858   2            break;
 859   2          case 3:
 860   2            break;
 861   2          case 4:
 862   2            break;
 863   2        }
 864   1        //}
 865   1          //gameObject[4]->isDisplay=1;
 866   1          //gameObject[4]->isDisplay=false;
 867   1          //setDisplay(gameObject[4],false);
 868   1        //}else{
 869   1          //gameObject[4]->isDisplay=1;
 870   1          //setDisplay(gameObject[4],true);
 871   1        //}
 872   1        //doCallback(game);
 873   1        /*if(KEY==0){
 874   1          OSTimeDly(OS_TICKS_PER_SEC/100);
 875   1          if(KEY==0){
 876   1            LED1=0;
 877   1            LED2=0;
 878   1          }
 879   1        }else{
 880   1          LED1=1;LED2=1;   
 881   1        }*/
 882   1      }
 883          void TankGame_Destroy(){
 884   1        DestroyGameCore(game);
 885   1      }


MODULE INFORMATION:   STATIC OVERLAYABLE
   CODE SIZE        =  11587    ----
   CONSTANT SIZE    =   5144    ----
   XDATA SIZE       =    167       3
   PDATA SIZE       =   ----    ----
   DATA SIZE        =   ----    ----
   IDATA SIZE       =   ----    ----
   BIT SIZE         =   ----    ----
END OF MODULE INFORMATION.


C51 COMPILATION COMPLETE.  0 WARNING(S),  0 ERROR(S)
